<?xml version="1.0" encoding="UTF-8" ?>
<testsuite tests="32" failures="0" name="CucumberTest" time="0.016" errors="0" skipped="0">
  <properties>
    <property name="java.runtime.name" value="Java(TM) SE Runtime Environment"/>
    <property name="sun.boot.library.path" value="C:\Program Files\Java\jdk1.8.0_144\jre\bin"/>
    <property name="java.vm.version" value="25.144-b01"/>
    <property name="java.vm.vendor" value="Oracle Corporation"/>
    <property name="maven.multiModuleProjectDirectory" value="C:\Users\hp15p01\git\Red-Social"/>
    <property name="java.vendor.url" value="http://java.oracle.com/"/>
    <property name="path.separator" value=";"/>
    <property name="guice.disable.misplaced.annotation.check" value="true"/>
    <property name="java.vm.name" value="Java HotSpot(TM) 64-Bit Server VM"/>
    <property name="file.encoding.pkg" value="sun.io"/>
    <property name="user.script" value=""/>
    <property name="user.country" value="ES"/>
    <property name="sun.java.launcher" value="SUN_STANDARD"/>
    <property name="sun.os.patch.level" value=""/>
    <property name="java.vm.specification.name" value="Java Virtual Machine Specification"/>
    <property name="user.dir" value="C:\Users\hp15p01\git\Red-Social"/>
    <property name="java.runtime.version" value="1.8.0_144-b01"/>
    <property name="java.awt.graphicsenv" value="sun.awt.Win32GraphicsEnvironment"/>
    <property name="java.endorsed.dirs" value="C:\Program Files\Java\jdk1.8.0_144\jre\lib\endorsed"/>
    <property name="os.arch" value="amd64"/>
    <property name="java.io.tmpdir" value="C:\Users\hp15p01\AppData\Local\Temp\"/>
    <property name="line.separator" value="
"/>
    <property name="java.vm.specification.vendor" value="Oracle Corporation"/>
    <property name="user.variant" value=""/>
    <property name="os.name" value="Windows 10"/>
    <property name="classworlds.conf" value="C:\Users\hp15p01\Desktop\Proyecto Procesos\Proyecto\.metadata\.plugins\org.eclipse.m2e.launching\launches\m2conf6556075896161412220.tmp"/>
    <property name="sun.jnu.encoding" value="Cp1252"/>
    <property name="java.library.path" value="C:\Program Files\Java\jdk1.8.0_144\bin;C:\WINDOWS\Sun\Java\bin;C:\WINDOWS\system32;C:\WINDOWS;C:/Program Files/Java/jre1.8.0_144/bin/server;C:/Program Files/Java/jre1.8.0_144/bin;C:/Program Files/Java/jre1.8.0_144/lib/amd64;C:\ProgramData\Oracle\Java\javapath;c:\aspectj1.8\bin:C:\Program Files\Broadcom\Broadcom 802.11;C:\Program Files (x86)\NVIDIA Corporation\PhysX\Common;C:\Program Files (x86)\Intel\iCLS Client\;C:\Program Files\Intel\iCLS Client\;C:\WINDOWS\system32;C:\WINDOWS;C:\WINDOWS\System32\Wbem;C:\WINDOWS\System32\WindowsPowerShell\v1.0\;C:\Program Files\Hewlett-Packard\SimplePass\;C:\Program Files\Java\jdk1.8.0_144\bin;C:\Program Files\Intel\Intel(R) Management Engine Components\DAL;C:\Program Files\Intel\Intel(R) Management Engine Components\IPT;C:\Program Files (x86)\Intel\Intel(R) Management Engine Components\DAL;C:\Program Files (x86)\Intel\Intel(R) Management Engine Components\IPT;C:\WINDOWS\system32\config\systemprofile\.dnx\bin;C:\Program Files\Microsoft DNX\Dnvm\;C:\Program Files\Java\jdk1.7.0_75\bin;C:\Program Files\Java\jre7\bin;C:\Program Files (x86)\Java\j2re1.4.1\bin;C:\Program Files\Java\jre7\bin\server\;C:\Program Files (x86)\MySQL\MySQL Fabric 1.5 &amp; MySQL Utilities 1.5\;C:\Program Files (x86)\MySQL\MySQL Fabric 1.5 &amp; MySQL Utilities 1.5\Doctrine extensions for PHP\;C:\Users\hp15p01\AppData\Local\Programs\Python\Python35-32;C:\Users\hp15p01\AppData\Local\Programs\Python\Python35-32\Scripts;C:\Program Files (x86)\ZeroC\Ice-3.6.2\bin;C:\Program Files\MongoDB\Server\3.2\bin;C:\apache-maven-3.3.9\bin;C:\Program Files\Git\cmd;C:\Program Files (x86)\Skype\Phone\;C:\Program Files\OpenSSL-Win32\bin;C:\Program Files (x86)\scala\bin;C:\Program Files\Java\jdk1.8.0_144\bin;C:\Ruby23\bin;C:\Users\hp15p01\AppData\Local\Microsoft\WindowsApps;C:\apache-maven-3.3.9\bin;C:\Program Files (x86)\Microsoft VS Code\bin;C:\Users\hp15p01\sleuthkit-4.2.0-win32\sleuthkit-4.2.0-win32\bin;C:\Program Files\Heroku\bin;C:\Users\hp15p01\Desktop\Proyecto Procesos\eclipse;;."/>
    <property name="java.specification.name" value="Java Platform API Specification"/>
    <property name="java.class.version" value="52.0"/>
    <property name="sun.management.compiler" value="HotSpot 64-Bit Tiered Compilers"/>
    <property name="os.version" value="10.0"/>
    <property name="user.home" value="C:\Users\hp15p01"/>
    <property name="user.timezone" value="Europe/Paris"/>
    <property name="java.awt.printerjob" value="sun.awt.windows.WPrinterJob"/>
    <property name="java.specification.version" value="1.8"/>
    <property name="file.encoding" value="UTF-8"/>
    <property name="user.name" value="hp15p01"/>
    <property name="java.class.path" value="/C:/Users/hp15p01/Desktop/Proyecto Procesos/eclipse/plugins/org.eclipse.m2e.maven.runtime_1.8.1.20170728-1531/jars/plexus-classworlds-2.5.2.jar"/>
    <property name="java.vm.specification.version" value="1.8"/>
    <property name="sun.arch.data.model" value="64"/>
    <property name="java.home" value="C:\Program Files\Java\jdk1.8.0_144\jre"/>
    <property name="sun.java.command" value="org.codehaus.plexus.classworlds.launcher.Launcher -B clean install"/>
    <property name="java.specification.vendor" value="Oracle Corporation"/>
    <property name="user.language" value="es"/>
    <property name="awt.toolkit" value="sun.awt.windows.WToolkit"/>
    <property name="java.vm.info" value="mixed mode"/>
    <property name="java.version" value="1.8.0_144"/>
    <property name="java.ext.dirs" value="C:\Program Files\Java\jdk1.8.0_144\jre\lib\ext;C:\WINDOWS\Sun\Java\lib\ext"/>
    <property name="sun.boot.class.path" value="C:\Program Files\Java\jdk1.8.0_144\jre\lib\resources.jar;C:\Program Files\Java\jdk1.8.0_144\jre\lib\rt.jar;C:\Program Files\Java\jdk1.8.0_144\jre\lib\jsse.jar;C:\Program Files\Java\jdk1.8.0_144\jre\lib\jce.jar;C:\Program Files\Java\jdk1.8.0_144\jre\lib\charsets.jar;C:\Program Files\Java\jdk1.8.0_144\jre\lib\jfr.jar;C:\Program Files\Java\jdk1.8.0_144\lib\tools.jar"/>
    <property name="java.vendor" value="Oracle Corporation"/>
    <property name="maven.home" value="C:\Users\hp15p01\git\Red-Social\EMBEDDED"/>
    <property name="file.separator" value="\"/>
    <property name="java.vendor.url.bug" value="http://bugreport.sun.com/bugreport/"/>
    <property name="sun.cpu.endian" value="little"/>
    <property name="sun.io.unicode.encoding" value="UnicodeLittle"/>
    <property name="sun.desktop" value="windows"/>
    <property name="sun.cpu.isalist" value="amd64"/>
  </properties>
  <testcase classname="Scenario: Registrar un usuario" name="Given Un usuario se registra en el sistema" time="0.004"/>
  <testcase classname="Scenario: Registrar un usuario" name="When Cumple los requisitos" time="0"/>
  <testcase classname="Scenario: Registrar un usuario" name="Then Usuario registrado" time="0"/>
  <testcase classname="Scenario: Registrar un usuario" name="Scenario: Registrar un usuario" time="0.005"/>
  <testcase classname="Scenario: El correo ya existe" name="Given Un usuario ya esta registrado en el sistema" time="0"/>
  <testcase classname="Scenario: El correo ya existe" name="When No Cumple los Requisitos" time="0"/>
  <testcase classname="Scenario: El correo ya existe" name="Then Muestra Mensaje de Error" time="0.001"/>
  <testcase classname="Scenario: El correo ya existe" name="Scenario: El correo ya existe" time="0.001"/>
  <testcase classname="Scenario: Requisitos de Clave" name="Given Un usuario se va a registrar en el sistema" time="0"/>
  <testcase classname="Scenario: Requisitos de Clave" name="When No Cumple los Requisitos de la clave" time="0"/>
  <testcase classname="Scenario: Requisitos de Clave" name="Then Muestra Mensaje de Error de la clave" time="0"/>
  <testcase classname="Scenario: Requisitos de Clave" name="Scenario: Requisitos de Clave" time="0"/>
  <testcase classname="Scenario: Usuario Registrado" name="Given El usuario accede al sistema" time="0"/>
  <testcase classname="Scenario: Usuario Registrado" name="When Coincide email y password" time="0"/>
  <testcase classname="Scenario: Usuario Registrado" name="Then Accedera al sistema" time="0"/>
  <testcase classname="Scenario: Usuario Registrado" name="Scenario: Usuario Registrado" time="0"/>
  <testcase classname="Scenario: Usuario no Registrado" name="Given El usuario va a acceder al sistema" time="0"/>
  <testcase classname="Scenario: Usuario no Registrado" name="When No esta registrado" time="0"/>
  <testcase classname="Scenario: Usuario no Registrado" name="Then Mostrara mensaje de error" time="0"/>
  <testcase classname="Scenario: Usuario no Registrado" name="Scenario: Usuario no Registrado" time="0.001"/>
  <testcase classname="Scenario: Password incorrecto" name="Given El usuario quiere acceder al sistema" time="0"/>
  <testcase classname="Scenario: Password incorrecto" name="When No coincide la password del usuario" time="0"/>
  <testcase classname="Scenario: Password incorrecto" name="Then Mostrara mensaje de error" time="0"/>
  <testcase classname="Scenario: Password incorrecto" name="Scenario: Password incorrecto" time="0"/>
  <testcase classname="Scenario: Actualizar Datos" name="Given El usuario esta dentro del sistema" time="0"/>
  <testcase classname="Scenario: Actualizar Datos" name="When Quiere cambiar la clave" time="0"/>
  <testcase classname="Scenario: Actualizar Datos" name="Then La clave se cambia" time="0"/>
  <testcase classname="Scenario: Actualizar Datos" name="Scenario: Actualizar Datos" time="0"/>
  <testcase classname="Scenario: Eliminar Cuenta" name="Given El usuario se encuentra dentro del sistema" time="0"/>
  <testcase classname="Scenario: Eliminar Cuenta" name="When Quiere eliminar la cuenta" time="0"/>
  <testcase classname="Scenario: Eliminar Cuenta" name="Then Cuenta eliminada" time="0.002"/>
  <testcase classname="Scenario: Eliminar Cuenta" name="Scenario: Eliminar Cuenta" time="0.002"/>
</testsuite>